level info: Aug-19-2023 14:15:46 	User Login Successfully .
level info: Aug-19-2023 14:16:13 	Trending Blogs Found!
level info: Aug-19-2023 14:28:20 	User Login Successfully .
level info: Aug-19-2023 17:54:38 	User Login Successfully .
level info: Aug-23-2023 16:18:28 	User Login Successfully .
level info: Aug-24-2023 15:45:42 	user password updated
level error: Aug-24-2023 15:45:57 	This password you already use in past
level error: Aug-24-2023 15:46:29 	old password is incorrect
level info: Aug-24-2023 15:47:05 	user password updated
level error: Aug-24-2023 15:48:02 	This password you already use in past
level error: Aug-24-2023 15:48:24 	New password not match with confirm password 
level info: Aug-24-2023 15:48:28 	user password updated
level error: Aug-24-2023 15:48:32 	old password is incorrect
level info: Aug-24-2023 15:48:58 	user password updated
level info: Sep-06-2023 16:28:52 	User Created Successfully ✔ .
level info: Sep-06-2023 16:29:46 	User Login Successfully .
level error: Sep-09-2023 23:07:32 	User is Already Registered with this email
level info: Sep-09-2023 23:07:39 	User Created Successfully ✔ .
level info: Mar-05-2025 18:35:32 	User Created Successfully ✔ .
level info: Mar-05-2025 18:37:53 	User Login Successfully .
level info: Mar-05-2025 18:44:14 	Password updated successfully .
level info: Mar-05-2025 18:45:56 	User Login Successfully .
level info: Mar-05-2025 19:17:21 	User Login Successfully .
level info: Mar-05-2025 19:17:56 	User profile updated
level error: Mar-05-2025 19:22:57 	This password you already use in past
level info: Mar-05-2025 19:23:24 	user password updated
level error: Mar-05-2025 19:38:53 	Email or Password is incorrect .
level error: Mar-05-2025 19:39:32 	Email or Password is incorrect .
level info: Mar-05-2025 19:39:43 	User Login Successfully .
