level info: Sep-09-2023 23:06:42 	Server Started on http://localhost:8000
level info: Sep-09-2023 23:06:42 	mongoDb connected
level info: Sep-09-2023 23:09:15 	Server Started on http://localhost:8000
level info: Sep-09-2023 23:09:15 	mongoDb connected
level info: Sep-09-2023 23:23:32 	Server Started on http://localhost:8000
level info: Sep-09-2023 23:23:32 	mongoDb connected
level info: Mar-05-2025 17:18:46 	Server Started on http://localhost:8000
level info: Mar-05-2025 17:18:46 	mongoDb connected
level info: Mar-05-2025 18:20:11 	Server Started on http://localhost:8001
level info: Mar-05-2025 18:20:11 	mongoDb connected
level info: Mar-05-2025 19:43:18 	Server Started on http://localhost:8001
level info: Mar-05-2025 19:43:18 	mongoDb connected
level info: Mar-09-2025 18:44:13 	mongoDb connected
level info: Mar-10-2025 09:39:03 	mongoDb connected
level info: Mar-11-2025 18:35:36 	mongoDb connected
level info: Mar-18-2025 13:18:48 	Server Started on http://localhost:8001
level info: Mar-18-2025 13:18:48 	mongoDb connected
level info: Mar-18-2025 13:19:18 	Server Started on http://localhost:8001
level info: Mar-18-2025 13:19:18 	mongoDb connected
level info: Mar-18-2025 13:38:22 	Server Started on http://localhost:8001
level info: Mar-18-2025 13:38:22 	mongoDb connected
level info: Mar-18-2025 13:54:31 	Server Started on http://localhost:8001
level info: Mar-18-2025 13:54:31 	mongoDb connected
level info: Mar-18-2025 14:15:27 	Server Started on http://localhost:8001
level info: Mar-18-2025 14:15:27 	mongoDb connected
level info: Mar-18-2025 14:15:48 	Server Started on http://localhost:8001
level info: Mar-18-2025 14:15:48 	mongoDb connected
level info: Mar-18-2025 14:19:52 	Server Started on http://localhost:8001
level info: Mar-18-2025 14:19:52 	mongoDb connected
level info: Mar-18-2025 14:20:57 	Server Started on http://localhost:8001
level info: Mar-18-2025 14:20:57 	mongoDb connected
level info: Mar-18-2025 14:21:46 	Server Started on http://localhost:8001
level info: Mar-18-2025 14:21:46 	mongoDb connected
level info: Mar-18-2025 15:19:41 	Server Started on http://localhost:8001
level info: Mar-18-2025 15:19:41 	mongoDb connected
level info: Mar-18-2025 15:19:50 	Server Started on http://localhost:8001
level info: Mar-18-2025 15:19:50 	mongoDb connected
level info: Mar-18-2025 15:20:48 	Server Started on http://localhost:8001
level info: Mar-18-2025 15:20:48 	mongoDb connected
level info: Mar-18-2025 15:39:38 	Server Started on http://localhost:8001
level info: Mar-18-2025 15:39:38 	mongoDb connected
level info: Mar-18-2025 15:45:06 	Server Started on http://localhost:8001
level info: Mar-18-2025 15:45:06 	mongoDb connected
level info: Mar-18-2025 15:45:44 	Server Started on http://localhost:8001
level info: Mar-18-2025 15:45:44 	mongoDb connected
level info: Mar-18-2025 15:52:12 	Server Started on http://localhost:8001
level info: Mar-18-2025 15:52:12 	mongoDb connected
level info: Mar-18-2025 17:21:24 	Server Started on http://localhost:8001
level info: Mar-18-2025 17:21:24 	mongoDb connected
level info: Mar-18-2025 17:23:29 	Server Started on http://localhost:8001
level info: Mar-18-2025 17:23:29 	mongoDb connected
level info: Mar-18-2025 17:27:45 	Server Started on http://localhost:8001
level info: Mar-18-2025 17:27:45 	mongoDb connected
level info: Mar-19-2025 11:49:14 	Server Started on http://localhost:8001
level info: Mar-19-2025 11:49:14 	mongoDb connected
level info: Mar-19-2025 11:49:21 	Server Started on http://localhost:8001
level info: Mar-19-2025 11:49:21 	mongoDb connected
level info: Mar-19-2025 11:49:38 	Server Started on http://localhost:8001
level info: Mar-19-2025 11:49:38 	mongoDb connected
level info: Mar-19-2025 11:49:44 	Server Started on http://localhost:8001
level info: Mar-19-2025 11:49:44 	mongoDb connected
level info: Mar-19-2025 11:50:01 	Server Started on http://localhost:8001
level info: Mar-19-2025 11:50:01 	mongoDb connected
level info: Mar-19-2025 11:50:17 	Server Started on http://localhost:8001
level info: Mar-19-2025 11:50:17 	mongoDb connected
level info: Mar-19-2025 11:50:27 	Server Started on http://localhost:8001
level info: Mar-19-2025 11:50:27 	mongoDb connected
level info: Mar-19-2025 11:50:51 	Server Started on http://localhost:8001
level info: Mar-19-2025 11:50:51 	mongoDb connected
level info: Mar-19-2025 11:51:10 	Server Started on http://localhost:8001
level info: Mar-19-2025 11:51:10 	mongoDb connected
level info: Mar-19-2025 11:52:55 	Server Started on http://localhost:8001
level info: Mar-19-2025 11:52:55 	mongoDb connected
level info: Mar-19-2025 12:09:00 	Server Started on http://localhost:8001
level info: Mar-19-2025 12:09:01 	mongoDb connected
level info: Mar-19-2025 12:42:45 	Server Started on http://localhost:8001
level info: Mar-19-2025 12:42:45 	mongoDb connected
level info: Mar-19-2025 12:43:31 	Server Started on http://localhost:8001
level info: Mar-19-2025 12:43:31 	mongoDb connected
level info: Mar-19-2025 12:44:38 	Server Started on http://localhost:8001
level info: Mar-19-2025 12:44:38 	mongoDb connected
level info: Mar-19-2025 12:45:14 	Server Started on http://localhost:8001
level info: Mar-19-2025 12:45:14 	mongoDb connected
level info: Mar-19-2025 12:45:42 	Server Started on http://localhost:8001
level info: Mar-19-2025 12:45:42 	mongoDb connected
level info: Mar-19-2025 12:46:18 	Server Started on http://localhost:8001
level info: Mar-19-2025 12:46:18 	mongoDb connected
level info: Mar-19-2025 12:46:47 	Server Started on http://localhost:8001
level info: Mar-19-2025 12:46:47 	mongoDb connected
level info: Mar-19-2025 12:47:13 	Server Started on http://localhost:8001
level info: Mar-19-2025 12:47:13 	mongoDb connected
level info: Mar-19-2025 13:59:21 	Server Started on http://localhost:8001
level info: Mar-19-2025 13:59:21 	mongoDb connected
level info: Mar-19-2025 14:00:16 	Server Started on http://localhost:8001
level info: Mar-19-2025 14:00:16 	mongoDb connected
level info: Mar-19-2025 14:01:44 	Server Started on http://localhost:8001
level info: Mar-19-2025 14:01:44 	mongoDb connected
level info: Mar-19-2025 14:02:47 	Server Started on http://localhost:8001
level info: Mar-19-2025 14:02:47 	mongoDb connected
level info: Mar-19-2025 14:04:22 	Server Started on http://localhost:8001
level info: Mar-19-2025 14:04:22 	mongoDb connected
level info: Mar-19-2025 14:05:29 	Server Started on http://localhost:8001
level info: Mar-19-2025 14:05:29 	mongoDb connected
level info: Mar-19-2025 14:14:20 	Server Started on http://localhost:8001
level info: Mar-19-2025 14:14:20 	mongoDb connected
level info: Mar-19-2025 14:50:17 	Server Started on http://localhost:8001
level info: Mar-19-2025 14:50:17 	mongoDb connected
level info: Mar-19-2025 14:52:54 	Server Started on http://localhost:8001
level info: Mar-19-2025 14:52:54 	mongoDb connected
level info: Mar-19-2025 15:07:29 	Server Started on http://localhost:8001
level info: Mar-19-2025 15:07:29 	mongoDb connected
level info: Mar-19-2025 15:09:27 	Server Started on http://localhost:8001
level info: Mar-19-2025 15:09:27 	mongoDb connected
level info: Mar-20-2025 11:43:10 	mongoDb connected
level info: Mar-20-2025 18:00:08 	Server Started on http://localhost:8001
level info: Mar-20-2025 18:00:08 	mongoDb connected
level info: Mar-20-2025 18:00:13 	Server Started on http://localhost:8001
level info: Mar-20-2025 18:00:14 	mongoDb connected
level info: Mar-20-2025 18:00:36 	Server Started on http://localhost:8001
level info: Mar-20-2025 18:00:36 	mongoDb connected
level info: Mar-20-2025 18:01:22 	Server Started on http://localhost:8001
level info: Mar-20-2025 18:01:22 	mongoDb connected
level info: Mar-20-2025 18:01:53 	Server Started on http://localhost:8001
level info: Mar-20-2025 18:01:53 	mongoDb connected
level info: Mar-20-2025 18:02:11 	Server Started on http://localhost:8001
level info: Mar-20-2025 18:02:11 	mongoDb connected
level info: Mar-20-2025 18:02:16 	Server Started on http://localhost:8001
level info: Mar-20-2025 18:02:16 	mongoDb connected
level info: Mar-20-2025 18:02:40 	Server Started on http://localhost:8001
level info: Mar-20-2025 18:02:40 	mongoDb connected
level info: Mar-20-2025 18:07:08 	Server Started on http://localhost:8001
level info: Mar-20-2025 18:07:08 	mongoDb connected
level info: Mar-20-2025 19:56:56 	Server Started on http://localhost:8001
level info: Mar-20-2025 19:56:56 	mongoDb connected
level info: Mar-21-2025 10:46:13 	Server Started on http://localhost:8001
level info: Mar-21-2025 10:46:13 	mongoDb connected
level info: Mar-22-2025 14:08:27 	Server Started on http://localhost:8001
level info: Mar-22-2025 14:08:27 	mongoDb connected
level info: Mar-22-2025 14:08:38 	Server Started on http://localhost:8001
level info: Mar-22-2025 14:08:38 	mongoDb connected
level info: Mar-22-2025 14:09:21 	Server Started on http://localhost:8001
level info: Mar-22-2025 14:09:21 	mongoDb connected
level info: Mar-22-2025 14:09:31 	Server Started on http://localhost:8001
level info: Mar-22-2025 14:09:31 	mongoDb connected
level info: Mar-22-2025 14:11:02 	Server Started on http://localhost:8001
level info: Mar-22-2025 14:11:02 	mongoDb connected
level info: Mar-22-2025 14:13:14 	Server Started on http://localhost:8001
level info: Mar-22-2025 14:13:14 	mongoDb connected
level info: Mar-22-2025 14:21:09 	Server Started on http://localhost:8001
level info: Mar-22-2025 14:21:09 	mongoDb connected
level info: Mar-22-2025 14:23:16 	Server Started on http://localhost:8001
level info: Mar-22-2025 14:23:16 	mongoDb connected
level info: Mar-22-2025 14:28:42 	Server Started on http://localhost:8001
level info: Mar-22-2025 14:28:42 	mongoDb connected
level info: Mar-22-2025 15:42:45 	mongoDb connected
level info: May-05-2025 10:41:41 	Server Started on http://localhost:8001
level info: May-05-2025 10:41:41 	mongoDb connected
level info: May-13-2025 13:05:33 	Server Started on http://localhost:8001
level info: May-13-2025 13:05:33 	mongoDb connected
level info: Aug-13-2025 11:05:21 	Server Started on http://localhost:8001
level info: Aug-13-2025 11:05:21 	mongoDb connected
level info: Aug-13-2025 14:44:10 	Server Started on http://localhost:8001
level info: Aug-13-2025 14:44:10 	mongoDb connected
